<?xml version="1.0" encoding="UTF-8"?>
<!-- Generated by org.testng.reporters.JUnitReportReporter -->
<testsuite hostname="DeepuPinky1429" failures="0" tests="1" name="Gridtest" time="61.603" errors="0" timestamp="2022-10-11T18:13:12 IST" skipped="0">
  <testcase classname="Gridtest" name="HomePage" time="61.603"/>
  <system-out/>
</testsuite> <!-- Gridtest -->
